The system is: Linux - 3.5.1-gentoo - x86_64
Compiling the C compiler identification source file "CMakeCCompilerId.c" succeeded.
Compiler: /usr/bin/gcc 
Build flags: 
Id flags: 

The output was:
0


Compilation of the C compiler identification source "CMakeCCompilerId.c" produced "a.out"

The C compiler identification is GNU, found in "/home/tuziu/projects/toy/build/CMakeFiles/CompilerIdC/a.out"

Compiling the CXX compiler identification source file "CMakeCXXCompilerId.cpp" succeeded.
Compiler: /usr/bin/c++ 
Build flags: 
Id flags: 

The output was:
0


Compilation of the CXX compiler identification source "CMakeCXXCompilerId.cpp" produced "a.out"

The CXX compiler identification is GNU, found in "/home/tuziu/projects/toy/build/CMakeFiles/CompilerIdCXX/a.out"

Determining if the C compiler works passed with the following output:
Change Dir: /home/tuziu/projects/toy/build/CMakeFiles/CMakeTmp

Run Build Command:/usr/bin/gmake "cmTryCompileExec999218638/fast"
/usr/bin/gmake -f CMakeFiles/cmTryCompileExec999218638.dir/build.make CMakeFiles/cmTryCompileExec999218638.dir/build
gmake[1]: Entering directory `/home/tuziu/projects/toy/build/CMakeFiles/CMakeTmp'
/usr/bin/cmake -E cmake_progress_report /home/tuziu/projects/toy/build/CMakeFiles/CMakeTmp/CMakeFiles 1
Building C object CMakeFiles/cmTryCompileExec999218638.dir/testCCompiler.c.o
/usr/bin/gcc    -o CMakeFiles/cmTryCompileExec999218638.dir/testCCompiler.c.o   -c /home/tuziu/projects/toy/build/CMakeFiles/CMakeTmp/testCCompiler.c
Linking C executable cmTryCompileExec999218638
/usr/bin/cmake -E cmake_link_script CMakeFiles/cmTryCompileExec999218638.dir/link.txt --verbose=1
/usr/bin/gcc         CMakeFiles/cmTryCompileExec999218638.dir/testCCompiler.c.o  -o cmTryCompileExec999218638 -rdynamic 
gmake[1]: Leaving directory `/home/tuziu/projects/toy/build/CMakeFiles/CMakeTmp'


Detecting C compiler ABI info compiled with the following output:
Change Dir: /home/tuziu/projects/toy/build/CMakeFiles/CMakeTmp

Run Build Command:/usr/bin/gmake "cmTryCompileExec294989871/fast"
/usr/bin/gmake -f CMakeFiles/cmTryCompileExec294989871.dir/build.make CMakeFiles/cmTryCompileExec294989871.dir/build
gmake[1]: Entering directory `/home/tuziu/projects/toy/build/CMakeFiles/CMakeTmp'
/usr/bin/cmake -E cmake_progress_report /home/tuziu/projects/toy/build/CMakeFiles/CMakeTmp/CMakeFiles 1
Building C object CMakeFiles/cmTryCompileExec294989871.dir/CMakeCCompilerABI.c.o
/usr/bin/gcc    -o CMakeFiles/cmTryCompileExec294989871.dir/CMakeCCompilerABI.c.o   -c /usr/share/cmake/Modules/CMakeCCompilerABI.c
Linking C executable cmTryCompileExec294989871
/usr/bin/cmake -E cmake_link_script CMakeFiles/cmTryCompileExec294989871.dir/link.txt --verbose=1
/usr/bin/gcc       -v CMakeFiles/cmTryCompileExec294989871.dir/CMakeCCompilerABI.c.o  -o cmTryCompileExec294989871 -rdynamic  
Using built-in specs.
COLLECT_GCC=/usr/x86_64-pc-linux-gnu/gcc-bin/4.7.1/gcc
COLLECT_LTO_WRAPPER=/usr/libexec/gcc/x86_64-pc-linux-gnu/4.7.1/lto-wrapper
Target: x86_64-pc-linux-gnu
Configured with: /var/tmp/portage/sys-devel/gcc-4.7.1/work/gcc-4.7.1/configure --prefix=/usr --bindir=/usr/x86_64-pc-linux-gnu/gcc-bin/4.7.1 --includedir=/usr/lib/gcc/x86_64-pc-linux-gnu/4.7.1/include --datadir=/usr/share/gcc-data/x86_64-pc-linux-gnu/4.7.1 --mandir=/usr/share/gcc-data/x86_64-pc-linux-gnu/4.7.1/man --infodir=/usr/share/gcc-data/x86_64-pc-linux-gnu/4.7.1/info --with-gxx-include-dir=/usr/lib/gcc/x86_64-pc-linux-gnu/4.7.1/include/g++-v4 --host=x86_64-pc-linux-gnu --build=x86_64-pc-linux-gnu --disable-altivec --disable-fixed-point --with-ppl --with-cloog --disable-ppl-version-check --with-cloog-include=/usr/include/cloog-ppl --enable-lto --enable-nls --without-included-gettext --with-system-zlib --enable-obsolete --disable-werror --enable-secureplt --disable-multilib --with-multilib-list=m64 --enable-libmudflap --disable-libssp --enable-libgomp --with-python-dir=/share/gcc-data/x86_64-pc-linux-gnu/4.7.1/python --enable-checking=release --disable-libgcj --enable-languages=c,c++,fortran --enable-shared --enable-threads=posix --enable-__cxa_atexit --enable-clocale=gnu --enable-targets=all --with-bugurl=http://bugs.gentoo.org/ --with-pkgversion='Gentoo 4.7.1 p1.2, pie-0.5.3'
Thread model: posix
gcc version 4.7.1 (Gentoo 4.7.1 p1.2, pie-0.5.3) 
COMPILER_PATH=/usr/libexec/gcc/x86_64-pc-linux-gnu/4.7.1/:/usr/libexec/gcc/x86_64-pc-linux-gnu/4.7.1/:/usr/libexec/gcc/x86_64-pc-linux-gnu/:/usr/lib/gcc/x86_64-pc-linux-gnu/4.7.1/:/usr/lib/gcc/x86_64-pc-linux-gnu/:/usr/lib/gcc/x86_64-pc-linux-gnu/4.7.1/../../../../x86_64-pc-linux-gnu/bin/
LIBRARY_PATH=/usr/lib/gcc/x86_64-pc-linux-gnu/4.7.1/:/usr/lib/gcc/x86_64-pc-linux-gnu/4.7.1/../../../../lib64/:/lib/../lib64/:/usr/lib/../lib64/:/usr/lib/gcc/x86_64-pc-linux-gnu/4.7.1/../../../../x86_64-pc-linux-gnu/lib/:/usr/lib/gcc/x86_64-pc-linux-gnu/4.7.1/../../../:/lib/:/usr/lib/
COLLECT_GCC_OPTIONS='-v' '-o' 'cmTryCompileExec294989871' '-rdynamic' '-mtune=generic' '-march=x86-64'
 /usr/libexec/gcc/x86_64-pc-linux-gnu/4.7.1/collect2 --eh-frame-hdr -m elf_x86_64 -export-dynamic -dynamic-linker /lib64/ld-linux-x86-64.so.2 -o cmTryCompileExec294989871 /usr/lib/gcc/x86_64-pc-linux-gnu/4.7.1/../../../../lib64/crt1.o /usr/lib/gcc/x86_64-pc-linux-gnu/4.7.1/../../../../lib64/crti.o /usr/lib/gcc/x86_64-pc-linux-gnu/4.7.1/crtbegin.o -L/usr/lib/gcc/x86_64-pc-linux-gnu/4.7.1 -L/usr/lib/gcc/x86_64-pc-linux-gnu/4.7.1/../../../../lib64 -L/lib/../lib64 -L/usr/lib/../lib64 -L/usr/lib/gcc/x86_64-pc-linux-gnu/4.7.1/../../../../x86_64-pc-linux-gnu/lib -L/usr/lib/gcc/x86_64-pc-linux-gnu/4.7.1/../../.. CMakeFiles/cmTryCompileExec294989871.dir/CMakeCCompilerABI.c.o -lgcc --as-needed -lgcc_s --no-as-needed -lc -lgcc --as-needed -lgcc_s --no-as-needed /usr/lib/gcc/x86_64-pc-linux-gnu/4.7.1/crtend.o /usr/lib/gcc/x86_64-pc-linux-gnu/4.7.1/../../../../lib64/crtn.o
gmake[1]: Leaving directory `/home/tuziu/projects/toy/build/CMakeFiles/CMakeTmp'


Parsed C implicit link information from above output:
  link line regex: [^( *|.*[/\])(ld|ld|collect2)[^/\]*( |$)]
  ignore line: [Change Dir: /home/tuziu/projects/toy/build/CMakeFiles/CMakeTmp]
  ignore line: []
  ignore line: [Run Build Command:/usr/bin/gmake "cmTryCompileExec294989871/fast"]
  ignore line: [/usr/bin/gmake -f CMakeFiles/cmTryCompileExec294989871.dir/build.make CMakeFiles/cmTryCompileExec294989871.dir/build]
  ignore line: [gmake[1]: Entering directory `/home/tuziu/projects/toy/build/CMakeFiles/CMakeTmp']
  ignore line: [/usr/bin/cmake -E cmake_progress_report /home/tuziu/projects/toy/build/CMakeFiles/CMakeTmp/CMakeFiles 1]
  ignore line: [Building C object CMakeFiles/cmTryCompileExec294989871.dir/CMakeCCompilerABI.c.o]
  ignore line: [/usr/bin/gcc    -o CMakeFiles/cmTryCompileExec294989871.dir/CMakeCCompilerABI.c.o   -c /usr/share/cmake/Modules/CMakeCCompilerABI.c]
  ignore line: [Linking C executable cmTryCompileExec294989871]
  ignore line: [/usr/bin/cmake -E cmake_link_script CMakeFiles/cmTryCompileExec294989871.dir/link.txt --verbose=1]
  ignore line: [/usr/bin/gcc       -v CMakeFiles/cmTryCompileExec294989871.dir/CMakeCCompilerABI.c.o  -o cmTryCompileExec294989871 -rdynamic  ]
  ignore line: [Using built-in specs.]
  ignore line: [COLLECT_GCC=/usr/x86_64-pc-linux-gnu/gcc-bin/4.7.1/gcc]
  ignore line: [COLLECT_LTO_WRAPPER=/usr/libexec/gcc/x86_64-pc-linux-gnu/4.7.1/lto-wrapper]
  ignore line: [Target: x86_64-pc-linux-gnu]
  ignore line: [Configured with: /var/tmp/portage/sys-devel/gcc-4.7.1/work/gcc-4.7.1/configure --prefix=/usr --bindir=/usr/x86_64-pc-linux-gnu/gcc-bin/4.7.1 --includedir=/usr/lib/gcc/x86_64-pc-linux-gnu/4.7.1/include --datadir=/usr/share/gcc-data/x86_64-pc-linux-gnu/4.7.1 --mandir=/usr/share/gcc-data/x86_64-pc-linux-gnu/4.7.1/man --infodir=/usr/share/gcc-data/x86_64-pc-linux-gnu/4.7.1/info --with-gxx-include-dir=/usr/lib/gcc/x86_64-pc-linux-gnu/4.7.1/include/g++-v4 --host=x86_64-pc-linux-gnu --build=x86_64-pc-linux-gnu --disable-altivec --disable-fixed-point --with-ppl --with-cloog --disable-ppl-version-check --with-cloog-include=/usr/include/cloog-ppl --enable-lto --enable-nls --without-included-gettext --with-system-zlib --enable-obsolete --disable-werror --enable-secureplt --disable-multilib --with-multilib-list=m64 --enable-libmudflap --disable-libssp --enable-libgomp --with-python-dir=/share/gcc-data/x86_64-pc-linux-gnu/4.7.1/python --enable-checking=release --disable-libgcj --enable-languages=c,c++,fortran --enable-shared --enable-threads=posix --enable-__cxa_atexit --enable-clocale=gnu --enable-targets=all --with-bugurl=http://bugs.gentoo.org/ --with-pkgversion='Gentoo 4.7.1 p1.2, pie-0.5.3']
  ignore line: [Thread model: posix]
  ignore line: [gcc version 4.7.1 (Gentoo 4.7.1 p1.2, pie-0.5.3) ]
  ignore line: [COMPILER_PATH=/usr/libexec/gcc/x86_64-pc-linux-gnu/4.7.1/:/usr/libexec/gcc/x86_64-pc-linux-gnu/4.7.1/:/usr/libexec/gcc/x86_64-pc-linux-gnu/:/usr/lib/gcc/x86_64-pc-linux-gnu/4.7.1/:/usr/lib/gcc/x86_64-pc-linux-gnu/:/usr/lib/gcc/x86_64-pc-linux-gnu/4.7.1/../../../../x86_64-pc-linux-gnu/bin/]
  ignore line: [LIBRARY_PATH=/usr/lib/gcc/x86_64-pc-linux-gnu/4.7.1/:/usr/lib/gcc/x86_64-pc-linux-gnu/4.7.1/../../../../lib64/:/lib/../lib64/:/usr/lib/../lib64/:/usr/lib/gcc/x86_64-pc-linux-gnu/4.7.1/../../../../x86_64-pc-linux-gnu/lib/:/usr/lib/gcc/x86_64-pc-linux-gnu/4.7.1/../../../:/lib/:/usr/lib/]
  ignore line: [COLLECT_GCC_OPTIONS='-v' '-o' 'cmTryCompileExec294989871' '-rdynamic' '-mtune=generic' '-march=x86-64']
  link line: [ /usr/libexec/gcc/x86_64-pc-linux-gnu/4.7.1/collect2 --eh-frame-hdr -m elf_x86_64 -export-dynamic -dynamic-linker /lib64/ld-linux-x86-64.so.2 -o cmTryCompileExec294989871 /usr/lib/gcc/x86_64-pc-linux-gnu/4.7.1/../../../../lib64/crt1.o /usr/lib/gcc/x86_64-pc-linux-gnu/4.7.1/../../../../lib64/crti.o /usr/lib/gcc/x86_64-pc-linux-gnu/4.7.1/crtbegin.o -L/usr/lib/gcc/x86_64-pc-linux-gnu/4.7.1 -L/usr/lib/gcc/x86_64-pc-linux-gnu/4.7.1/../../../../lib64 -L/lib/../lib64 -L/usr/lib/../lib64 -L/usr/lib/gcc/x86_64-pc-linux-gnu/4.7.1/../../../../x86_64-pc-linux-gnu/lib -L/usr/lib/gcc/x86_64-pc-linux-gnu/4.7.1/../../.. CMakeFiles/cmTryCompileExec294989871.dir/CMakeCCompilerABI.c.o -lgcc --as-needed -lgcc_s --no-as-needed -lc -lgcc --as-needed -lgcc_s --no-as-needed /usr/lib/gcc/x86_64-pc-linux-gnu/4.7.1/crtend.o /usr/lib/gcc/x86_64-pc-linux-gnu/4.7.1/../../../../lib64/crtn.o]
    arg [/usr/libexec/gcc/x86_64-pc-linux-gnu/4.7.1/collect2] ==> ignore
    arg [--eh-frame-hdr] ==> ignore
    arg [-m] ==> ignore
    arg [elf_x86_64] ==> ignore
    arg [-export-dynamic] ==> ignore
    arg [-dynamic-linker] ==> ignore
    arg [/lib64/ld-linux-x86-64.so.2] ==> ignore
    arg [-o] ==> ignore
    arg [cmTryCompileExec294989871] ==> ignore
    arg [/usr/lib/gcc/x86_64-pc-linux-gnu/4.7.1/../../../../lib64/crt1.o] ==> ignore
    arg [/usr/lib/gcc/x86_64-pc-linux-gnu/4.7.1/../../../../lib64/crti.o] ==> ignore
    arg [/usr/lib/gcc/x86_64-pc-linux-gnu/4.7.1/crtbegin.o] ==> ignore
    arg [-L/usr/lib/gcc/x86_64-pc-linux-gnu/4.7.1] ==> dir [/usr/lib/gcc/x86_64-pc-linux-gnu/4.7.1]
    arg [-L/usr/lib/gcc/x86_64-pc-linux-gnu/4.7.1/../../../../lib64] ==> dir [/usr/lib/gcc/x86_64-pc-linux-gnu/4.7.1/../../../../lib64]
    arg [-L/lib/../lib64] ==> dir [/lib/../lib64]
    arg [-L/usr/lib/../lib64] ==> dir [/usr/lib/../lib64]
    arg [-L/usr/lib/gcc/x86_64-pc-linux-gnu/4.7.1/../../../../x86_64-pc-linux-gnu/lib] ==> dir [/usr/lib/gcc/x86_64-pc-linux-gnu/4.7.1/../../../../x86_64-pc-linux-gnu/lib]
    arg [-L/usr/lib/gcc/x86_64-pc-linux-gnu/4.7.1/../../..] ==> dir [/usr/lib/gcc/x86_64-pc-linux-gnu/4.7.1/../../..]
    arg [CMakeFiles/cmTryCompileExec294989871.dir/CMakeCCompilerABI.c.o] ==> ignore
    arg [-lgcc] ==> lib [gcc]
    arg [--as-needed] ==> ignore
    arg [-lgcc_s] ==> lib [gcc_s]
    arg [--no-as-needed] ==> ignore
    arg [-lc] ==> lib [c]
    arg [-lgcc] ==> lib [gcc]
    arg [--as-needed] ==> ignore
    arg [-lgcc_s] ==> lib [gcc_s]
    arg [--no-as-needed] ==> ignore
    arg [/usr/lib/gcc/x86_64-pc-linux-gnu/4.7.1/crtend.o] ==> ignore
    arg [/usr/lib/gcc/x86_64-pc-linux-gnu/4.7.1/../../../../lib64/crtn.o] ==> ignore
  remove lib [gcc]
  remove lib [gcc_s]
  remove lib [gcc]
  remove lib [gcc_s]
  collapse dir [/usr/lib/gcc/x86_64-pc-linux-gnu/4.7.1] ==> [/usr/lib/gcc/x86_64-pc-linux-gnu/4.7.1]
  collapse dir [/usr/lib/gcc/x86_64-pc-linux-gnu/4.7.1/../../../../lib64] ==> [/usr/lib64]
  collapse dir [/lib/../lib64] ==> [/lib64]
  collapse dir [/usr/lib/../lib64] ==> [/usr/lib64]
  collapse dir [/usr/lib/gcc/x86_64-pc-linux-gnu/4.7.1/../../../../x86_64-pc-linux-gnu/lib] ==> [/usr/x86_64-pc-linux-gnu/lib]
  collapse dir [/usr/lib/gcc/x86_64-pc-linux-gnu/4.7.1/../../..] ==> [/usr/lib]
  implicit libs: [c]
  implicit dirs: [/usr/lib/gcc/x86_64-pc-linux-gnu/4.7.1;/usr/lib64;/lib64;/usr/x86_64-pc-linux-gnu/lib;/usr/lib]


Determining if the CXX compiler works passed with the following output:
Change Dir: /home/tuziu/projects/toy/build/CMakeFiles/CMakeTmp

Run Build Command:/usr/bin/gmake "cmTryCompileExec3347224157/fast"
/usr/bin/gmake -f CMakeFiles/cmTryCompileExec3347224157.dir/build.make CMakeFiles/cmTryCompileExec3347224157.dir/build
gmake[1]: Entering directory `/home/tuziu/projects/toy/build/CMakeFiles/CMakeTmp'
/usr/bin/cmake -E cmake_progress_report /home/tuziu/projects/toy/build/CMakeFiles/CMakeTmp/CMakeFiles 1
Building CXX object CMakeFiles/cmTryCompileExec3347224157.dir/testCXXCompiler.cxx.o
/usr/bin/c++     -o CMakeFiles/cmTryCompileExec3347224157.dir/testCXXCompiler.cxx.o -c /home/tuziu/projects/toy/build/CMakeFiles/CMakeTmp/testCXXCompiler.cxx
Linking CXX executable cmTryCompileExec3347224157
/usr/bin/cmake -E cmake_link_script CMakeFiles/cmTryCompileExec3347224157.dir/link.txt --verbose=1
/usr/bin/c++          CMakeFiles/cmTryCompileExec3347224157.dir/testCXXCompiler.cxx.o  -o cmTryCompileExec3347224157 -rdynamic 
gmake[1]: Leaving directory `/home/tuziu/projects/toy/build/CMakeFiles/CMakeTmp'


Detecting CXX compiler ABI info compiled with the following output:
Change Dir: /home/tuziu/projects/toy/build/CMakeFiles/CMakeTmp

Run Build Command:/usr/bin/gmake "cmTryCompileExec3185184041/fast"
/usr/bin/gmake -f CMakeFiles/cmTryCompileExec3185184041.dir/build.make CMakeFiles/cmTryCompileExec3185184041.dir/build
gmake[1]: Entering directory `/home/tuziu/projects/toy/build/CMakeFiles/CMakeTmp'
/usr/bin/cmake -E cmake_progress_report /home/tuziu/projects/toy/build/CMakeFiles/CMakeTmp/CMakeFiles 1
Building CXX object CMakeFiles/cmTryCompileExec3185184041.dir/CMakeCXXCompilerABI.cpp.o
/usr/bin/c++     -o CMakeFiles/cmTryCompileExec3185184041.dir/CMakeCXXCompilerABI.cpp.o -c /usr/share/cmake/Modules/CMakeCXXCompilerABI.cpp
Linking CXX executable cmTryCompileExec3185184041
/usr/bin/cmake -E cmake_link_script CMakeFiles/cmTryCompileExec3185184041.dir/link.txt --verbose=1
/usr/bin/c++        -v CMakeFiles/cmTryCompileExec3185184041.dir/CMakeCXXCompilerABI.cpp.o  -o cmTryCompileExec3185184041 -rdynamic  
Using built-in specs.
COLLECT_GCC=/usr/x86_64-pc-linux-gnu/gcc-bin/4.7.1/c++
COLLECT_LTO_WRAPPER=/usr/libexec/gcc/x86_64-pc-linux-gnu/4.7.1/lto-wrapper
Target: x86_64-pc-linux-gnu
Configured with: /var/tmp/portage/sys-devel/gcc-4.7.1/work/gcc-4.7.1/configure --prefix=/usr --bindir=/usr/x86_64-pc-linux-gnu/gcc-bin/4.7.1 --includedir=/usr/lib/gcc/x86_64-pc-linux-gnu/4.7.1/include --datadir=/usr/share/gcc-data/x86_64-pc-linux-gnu/4.7.1 --mandir=/usr/share/gcc-data/x86_64-pc-linux-gnu/4.7.1/man --infodir=/usr/share/gcc-data/x86_64-pc-linux-gnu/4.7.1/info --with-gxx-include-dir=/usr/lib/gcc/x86_64-pc-linux-gnu/4.7.1/include/g++-v4 --host=x86_64-pc-linux-gnu --build=x86_64-pc-linux-gnu --disable-altivec --disable-fixed-point --with-ppl --with-cloog --disable-ppl-version-check --with-cloog-include=/usr/include/cloog-ppl --enable-lto --enable-nls --without-included-gettext --with-system-zlib --enable-obsolete --disable-werror --enable-secureplt --disable-multilib --with-multilib-list=m64 --enable-libmudflap --disable-libssp --enable-libgomp --with-python-dir=/share/gcc-data/x86_64-pc-linux-gnu/4.7.1/python --enable-checking=release --disable-libgcj --enable-languages=c,c++,fortran --enable-shared --enable-threads=posix --enable-__cxa_atexit --enable-clocale=gnu --enable-targets=all --with-bugurl=http://bugs.gentoo.org/ --with-pkgversion='Gentoo 4.7.1 p1.2, pie-0.5.3'
Thread model: posix
gcc version 4.7.1 (Gentoo 4.7.1 p1.2, pie-0.5.3) 
COMPILER_PATH=/usr/libexec/gcc/x86_64-pc-linux-gnu/4.7.1/:/usr/libexec/gcc/x86_64-pc-linux-gnu/4.7.1/:/usr/libexec/gcc/x86_64-pc-linux-gnu/:/usr/lib/gcc/x86_64-pc-linux-gnu/4.7.1/:/usr/lib/gcc/x86_64-pc-linux-gnu/:/usr/lib/gcc/x86_64-pc-linux-gnu/4.7.1/../../../../x86_64-pc-linux-gnu/bin/
LIBRARY_PATH=/usr/lib/gcc/x86_64-pc-linux-gnu/4.7.1/:/usr/lib/gcc/x86_64-pc-linux-gnu/4.7.1/../../../../lib64/:/lib/../lib64/:/usr/lib/../lib64/:/usr/lib/gcc/x86_64-pc-linux-gnu/4.7.1/../../../../x86_64-pc-linux-gnu/lib/:/usr/lib/gcc/x86_64-pc-linux-gnu/4.7.1/../../../:/lib/:/usr/lib/
COLLECT_GCC_OPTIONS='-v' '-o' 'cmTryCompileExec3185184041' '-rdynamic' '-shared-libgcc' '-mtune=generic' '-march=x86-64'
 /usr/libexec/gcc/x86_64-pc-linux-gnu/4.7.1/collect2 --eh-frame-hdr -m elf_x86_64 -export-dynamic -dynamic-linker /lib64/ld-linux-x86-64.so.2 -o cmTryCompileExec3185184041 /usr/lib/gcc/x86_64-pc-linux-gnu/4.7.1/../../../../lib64/crt1.o /usr/lib/gcc/x86_64-pc-linux-gnu/4.7.1/../../../../lib64/crti.o /usr/lib/gcc/x86_64-pc-linux-gnu/4.7.1/crtbegin.o -L/usr/lib/gcc/x86_64-pc-linux-gnu/4.7.1 -L/usr/lib/gcc/x86_64-pc-linux-gnu/4.7.1/../../../../lib64 -L/lib/../lib64 -L/usr/lib/../lib64 -L/usr/lib/gcc/x86_64-pc-linux-gnu/4.7.1/../../../../x86_64-pc-linux-gnu/lib -L/usr/lib/gcc/x86_64-pc-linux-gnu/4.7.1/../../.. CMakeFiles/cmTryCompileExec3185184041.dir/CMakeCXXCompilerABI.cpp.o -lstdc++ -lm -lgcc_s -lgcc -lc -lgcc_s -lgcc /usr/lib/gcc/x86_64-pc-linux-gnu/4.7.1/crtend.o /usr/lib/gcc/x86_64-pc-linux-gnu/4.7.1/../../../../lib64/crtn.o
gmake[1]: Leaving directory `/home/tuziu/projects/toy/build/CMakeFiles/CMakeTmp'


Parsed CXX implicit link information from above output:
  link line regex: [^( *|.*[/\])(ld|ld|collect2)[^/\]*( |$)]
  ignore line: [Change Dir: /home/tuziu/projects/toy/build/CMakeFiles/CMakeTmp]
  ignore line: []
  ignore line: [Run Build Command:/usr/bin/gmake "cmTryCompileExec3185184041/fast"]
  ignore line: [/usr/bin/gmake -f CMakeFiles/cmTryCompileExec3185184041.dir/build.make CMakeFiles/cmTryCompileExec3185184041.dir/build]
  ignore line: [gmake[1]: Entering directory `/home/tuziu/projects/toy/build/CMakeFiles/CMakeTmp']
  ignore line: [/usr/bin/cmake -E cmake_progress_report /home/tuziu/projects/toy/build/CMakeFiles/CMakeTmp/CMakeFiles 1]
  ignore line: [Building CXX object CMakeFiles/cmTryCompileExec3185184041.dir/CMakeCXXCompilerABI.cpp.o]
  ignore line: [/usr/bin/c++     -o CMakeFiles/cmTryCompileExec3185184041.dir/CMakeCXXCompilerABI.cpp.o -c /usr/share/cmake/Modules/CMakeCXXCompilerABI.cpp]
  ignore line: [Linking CXX executable cmTryCompileExec3185184041]
  ignore line: [/usr/bin/cmake -E cmake_link_script CMakeFiles/cmTryCompileExec3185184041.dir/link.txt --verbose=1]
  ignore line: [/usr/bin/c++        -v CMakeFiles/cmTryCompileExec3185184041.dir/CMakeCXXCompilerABI.cpp.o  -o cmTryCompileExec3185184041 -rdynamic  ]
  ignore line: [Using built-in specs.]
  ignore line: [COLLECT_GCC=/usr/x86_64-pc-linux-gnu/gcc-bin/4.7.1/c++]
  ignore line: [COLLECT_LTO_WRAPPER=/usr/libexec/gcc/x86_64-pc-linux-gnu/4.7.1/lto-wrapper]
  ignore line: [Target: x86_64-pc-linux-gnu]
  ignore line: [Configured with: /var/tmp/portage/sys-devel/gcc-4.7.1/work/gcc-4.7.1/configure --prefix=/usr --bindir=/usr/x86_64-pc-linux-gnu/gcc-bin/4.7.1 --includedir=/usr/lib/gcc/x86_64-pc-linux-gnu/4.7.1/include --datadir=/usr/share/gcc-data/x86_64-pc-linux-gnu/4.7.1 --mandir=/usr/share/gcc-data/x86_64-pc-linux-gnu/4.7.1/man --infodir=/usr/share/gcc-data/x86_64-pc-linux-gnu/4.7.1/info --with-gxx-include-dir=/usr/lib/gcc/x86_64-pc-linux-gnu/4.7.1/include/g++-v4 --host=x86_64-pc-linux-gnu --build=x86_64-pc-linux-gnu --disable-altivec --disable-fixed-point --with-ppl --with-cloog --disable-ppl-version-check --with-cloog-include=/usr/include/cloog-ppl --enable-lto --enable-nls --without-included-gettext --with-system-zlib --enable-obsolete --disable-werror --enable-secureplt --disable-multilib --with-multilib-list=m64 --enable-libmudflap --disable-libssp --enable-libgomp --with-python-dir=/share/gcc-data/x86_64-pc-linux-gnu/4.7.1/python --enable-checking=release --disable-libgcj --enable-languages=c,c++,fortran --enable-shared --enable-threads=posix --enable-__cxa_atexit --enable-clocale=gnu --enable-targets=all --with-bugurl=http://bugs.gentoo.org/ --with-pkgversion='Gentoo 4.7.1 p1.2, pie-0.5.3']
  ignore line: [Thread model: posix]
  ignore line: [gcc version 4.7.1 (Gentoo 4.7.1 p1.2, pie-0.5.3) ]
  ignore line: [COMPILER_PATH=/usr/libexec/gcc/x86_64-pc-linux-gnu/4.7.1/:/usr/libexec/gcc/x86_64-pc-linux-gnu/4.7.1/:/usr/libexec/gcc/x86_64-pc-linux-gnu/:/usr/lib/gcc/x86_64-pc-linux-gnu/4.7.1/:/usr/lib/gcc/x86_64-pc-linux-gnu/:/usr/lib/gcc/x86_64-pc-linux-gnu/4.7.1/../../../../x86_64-pc-linux-gnu/bin/]
  ignore line: [LIBRARY_PATH=/usr/lib/gcc/x86_64-pc-linux-gnu/4.7.1/:/usr/lib/gcc/x86_64-pc-linux-gnu/4.7.1/../../../../lib64/:/lib/../lib64/:/usr/lib/../lib64/:/usr/lib/gcc/x86_64-pc-linux-gnu/4.7.1/../../../../x86_64-pc-linux-gnu/lib/:/usr/lib/gcc/x86_64-pc-linux-gnu/4.7.1/../../../:/lib/:/usr/lib/]
  ignore line: [COLLECT_GCC_OPTIONS='-v' '-o' 'cmTryCompileExec3185184041' '-rdynamic' '-shared-libgcc' '-mtune=generic' '-march=x86-64']
  link line: [ /usr/libexec/gcc/x86_64-pc-linux-gnu/4.7.1/collect2 --eh-frame-hdr -m elf_x86_64 -export-dynamic -dynamic-linker /lib64/ld-linux-x86-64.so.2 -o cmTryCompileExec3185184041 /usr/lib/gcc/x86_64-pc-linux-gnu/4.7.1/../../../../lib64/crt1.o /usr/lib/gcc/x86_64-pc-linux-gnu/4.7.1/../../../../lib64/crti.o /usr/lib/gcc/x86_64-pc-linux-gnu/4.7.1/crtbegin.o -L/usr/lib/gcc/x86_64-pc-linux-gnu/4.7.1 -L/usr/lib/gcc/x86_64-pc-linux-gnu/4.7.1/../../../../lib64 -L/lib/../lib64 -L/usr/lib/../lib64 -L/usr/lib/gcc/x86_64-pc-linux-gnu/4.7.1/../../../../x86_64-pc-linux-gnu/lib -L/usr/lib/gcc/x86_64-pc-linux-gnu/4.7.1/../../.. CMakeFiles/cmTryCompileExec3185184041.dir/CMakeCXXCompilerABI.cpp.o -lstdc++ -lm -lgcc_s -lgcc -lc -lgcc_s -lgcc /usr/lib/gcc/x86_64-pc-linux-gnu/4.7.1/crtend.o /usr/lib/gcc/x86_64-pc-linux-gnu/4.7.1/../../../../lib64/crtn.o]
    arg [/usr/libexec/gcc/x86_64-pc-linux-gnu/4.7.1/collect2] ==> ignore
    arg [--eh-frame-hdr] ==> ignore
    arg [-m] ==> ignore
    arg [elf_x86_64] ==> ignore
    arg [-export-dynamic] ==> ignore
    arg [-dynamic-linker] ==> ignore
    arg [/lib64/ld-linux-x86-64.so.2] ==> ignore
    arg [-o] ==> ignore
    arg [cmTryCompileExec3185184041] ==> ignore
    arg [/usr/lib/gcc/x86_64-pc-linux-gnu/4.7.1/../../../../lib64/crt1.o] ==> ignore
    arg [/usr/lib/gcc/x86_64-pc-linux-gnu/4.7.1/../../../../lib64/crti.o] ==> ignore
    arg [/usr/lib/gcc/x86_64-pc-linux-gnu/4.7.1/crtbegin.o] ==> ignore
    arg [-L/usr/lib/gcc/x86_64-pc-linux-gnu/4.7.1] ==> dir [/usr/lib/gcc/x86_64-pc-linux-gnu/4.7.1]
    arg [-L/usr/lib/gcc/x86_64-pc-linux-gnu/4.7.1/../../../../lib64] ==> dir [/usr/lib/gcc/x86_64-pc-linux-gnu/4.7.1/../../../../lib64]
    arg [-L/lib/../lib64] ==> dir [/lib/../lib64]
    arg [-L/usr/lib/../lib64] ==> dir [/usr/lib/../lib64]
    arg [-L/usr/lib/gcc/x86_64-pc-linux-gnu/4.7.1/../../../../x86_64-pc-linux-gnu/lib] ==> dir [/usr/lib/gcc/x86_64-pc-linux-gnu/4.7.1/../../../../x86_64-pc-linux-gnu/lib]
    arg [-L/usr/lib/gcc/x86_64-pc-linux-gnu/4.7.1/../../..] ==> dir [/usr/lib/gcc/x86_64-pc-linux-gnu/4.7.1/../../..]
    arg [CMakeFiles/cmTryCompileExec3185184041.dir/CMakeCXXCompilerABI.cpp.o] ==> ignore
    arg [-lstdc++] ==> lib [stdc++]
    arg [-lm] ==> lib [m]
    arg [-lgcc_s] ==> lib [gcc_s]
    arg [-lgcc] ==> lib [gcc]
    arg [-lc] ==> lib [c]
    arg [-lgcc_s] ==> lib [gcc_s]
    arg [-lgcc] ==> lib [gcc]
    arg [/usr/lib/gcc/x86_64-pc-linux-gnu/4.7.1/crtend.o] ==> ignore
    arg [/usr/lib/gcc/x86_64-pc-linux-gnu/4.7.1/../../../../lib64/crtn.o] ==> ignore
  remove lib [gcc_s]
  remove lib [gcc]
  remove lib [gcc_s]
  remove lib [gcc]
  collapse dir [/usr/lib/gcc/x86_64-pc-linux-gnu/4.7.1] ==> [/usr/lib/gcc/x86_64-pc-linux-gnu/4.7.1]
  collapse dir [/usr/lib/gcc/x86_64-pc-linux-gnu/4.7.1/../../../../lib64] ==> [/usr/lib64]
  collapse dir [/lib/../lib64] ==> [/lib64]
  collapse dir [/usr/lib/../lib64] ==> [/usr/lib64]
  collapse dir [/usr/lib/gcc/x86_64-pc-linux-gnu/4.7.1/../../../../x86_64-pc-linux-gnu/lib] ==> [/usr/x86_64-pc-linux-gnu/lib]
  collapse dir [/usr/lib/gcc/x86_64-pc-linux-gnu/4.7.1/../../..] ==> [/usr/lib]
  implicit libs: [stdc++;m;c]
  implicit dirs: [/usr/lib/gcc/x86_64-pc-linux-gnu/4.7.1;/usr/lib64;/lib64;/usr/x86_64-pc-linux-gnu/lib;/usr/lib]


